0 info it worked if it ends with ok
1 verbose cli [ '/usr/local/bin/node', '/usr/local/bin/npm', 'publish' ]
2 info using npm@3.10.10
3 info using node@v7.2.1
4 verbose publish [ '.' ]
5 silly cache add args [ '.', null ]
6 verbose cache add spec .
7 silly cache add parsed spec Result {
7 silly cache add   raw: '.',
7 silly cache add   scope: null,
7 silly cache add   escapedName: null,
7 silly cache add   name: null,
7 silly cache add   rawSpec: '.',
7 silly cache add   spec: '/Users/alexmac/Dev/component-gen',
7 silly cache add   type: 'directory' }
8 verbose addLocalDirectory /Users/alexmac/.npm/ctgen/1.0.0/package.tgz not in flight; packing
9 verbose correctMkdir /Users/alexmac/.npm correctMkdir not in flight; initializing
10 info lifecycle ctgen@1.0.0~prepublish: ctgen@1.0.0
11 silly lifecycle ctgen@1.0.0~prepublish: no script for prepublish, continuing
12 verbose tar pack [ '/Users/alexmac/.npm/ctgen/1.0.0/package.tgz',
12 verbose tar pack   '/Users/alexmac/Dev/component-gen' ]
13 verbose tarball /Users/alexmac/.npm/ctgen/1.0.0/package.tgz
14 verbose folder /Users/alexmac/Dev/component-gen
15 verbose addLocalTarball adding from inside cache /Users/alexmac/.npm/ctgen/1.0.0/package.tgz
16 verbose correctMkdir /Users/alexmac/.npm correctMkdir not in flight; initializing
17 silly cache afterAdd ctgen@1.0.0
18 verbose afterAdd /Users/alexmac/.npm/ctgen/1.0.0/package/package.json not in flight; writing
19 verbose correctMkdir /Users/alexmac/.npm correctMkdir not in flight; initializing
20 verbose afterAdd /Users/alexmac/.npm/ctgen/1.0.0/package/package.json written
21 silly publish { name: 'ctgen',
21 silly publish   version: '1.0.0',
21 silly publish   engines: { node: '4.4.5', npm: '2.15.5' },
21 silly publish   description: 'A component generator for the clarity toolkit',
21 silly publish   main: 'index.js',
21 silly publish   scripts: { test: 'test' },
21 silly publish   repository:
21 silly publish    { type: 'git',
21 silly publish      url: 'git+https://github.com/alexward1981/component-gen.git' },
21 silly publish   author: { name: 'Alex Ward' },
21 silly publish   license: 'MIT',
21 silly publish   bugs: { url: 'https://github.com/alexward1981/component-gen/issues' },
21 silly publish   homepage: 'https://github.com/alexward1981/component-gen#readme',
21 silly publish   devDependencies: { chalk: '^1.1.3' },
21 silly publish   readme: '# A component generator for the clarity toolkit\n\nNote: This hasn\'t been built yet\n',
21 silly publish   readmeFilename: 'readme.md',
21 silly publish   gitHead: '0234179cf396d60c2170888cf2ea7e7dcdc23428',
21 silly publish   _id: 'ctgen@1.0.0',
21 silly publish   _shasum: '0101aebc9a46da6a2fd41f3059e8ef2c911cfde2',
21 silly publish   _from: '.' }
22 verbose getPublishConfig undefined
23 silly mapToRegistry name ctgen
24 silly mapToRegistry using default registry
25 silly mapToRegistry registry https://registry.npmjs.org/
26 silly mapToRegistry data Result {
26 silly mapToRegistry   raw: 'ctgen',
26 silly mapToRegistry   scope: null,
26 silly mapToRegistry   escapedName: 'ctgen',
26 silly mapToRegistry   name: 'ctgen',
26 silly mapToRegistry   rawSpec: '',
26 silly mapToRegistry   spec: 'latest',
26 silly mapToRegistry   type: 'tag' }
27 silly mapToRegistry uri https://registry.npmjs.org/ctgen
28 verbose publish registryBase https://registry.npmjs.org/
29 silly publish uploading /Users/alexmac/.npm/ctgen/1.0.0/package.tgz
30 verbose stack Error: auth required for publishing
30 verbose stack     at CachingRegistryClient.publish (/usr/local/lib/node_modules/npm/node_modules/npm-registry-client/lib/publish.js:30:14)
30 verbose stack     at /usr/local/lib/node_modules/npm/lib/publish.js:138:14
30 verbose stack     at mapToRegistry (/usr/local/lib/node_modules/npm/lib/utils/map-to-registry.js:62:3)
30 verbose stack     at publish_ (/usr/local/lib/node_modules/npm/lib/publish.js:107:3)
30 verbose stack     at Array.<anonymous> (/usr/local/lib/node_modules/npm/node_modules/slide/lib/bind-actor.js:15:8)
30 verbose stack     at LOOP (/usr/local/lib/node_modules/npm/node_modules/slide/lib/chain.js:15:14)
30 verbose stack     at LOOP (/usr/local/lib/node_modules/npm/node_modules/slide/lib/chain.js:14:28)
30 verbose stack     at chain (/usr/local/lib/node_modules/npm/node_modules/slide/lib/chain.js:20:5)
30 verbose stack     at /usr/local/lib/node_modules/npm/lib/publish.js:73:5
30 verbose stack     at RES (/usr/local/lib/node_modules/npm/node_modules/inflight/inflight.js:23:14)
31 verbose cwd /Users/alexmac/Dev/component-gen
32 error Darwin 16.5.0
33 error argv "/usr/local/bin/node" "/usr/local/bin/npm" "publish"
34 error node v7.2.1
35 error npm  v3.10.10
36 error code ENEEDAUTH
37 error need auth auth required for publishing
38 error need auth You need to authorize this machine using `npm adduser`
39 verbose exit [ 1, true ]
